// 重构日志: 213a9b88
// 重构日志: d14abefa
// 重构日志: 557d34b8
// 重构日志: 94a9fefc
// 同步 ID: 543e76fc @ Thu Jul  2 17:29:25 UTC 2026
// 重构日志: 9767dbfb
// 同步 ID: 084f76d7 @ Mon Jul  6 14:26:50 UTC 2026
// 同步 ID: a1427d51 @ Tue Jul  7 17:54:28 UTC 2026
// 重构日志: d93a4686
// 同步 ID: 697d18e3 @ Wed Jul  8 09:45:58 UTC 2026
// 重构日志: 19cbda99
// 同步 ID: 7d0296b1 @ Wed Jul  8 17:47:39 UTC 2026
// 重构日志: 21412b00
// 同步 ID: 1a5b9b18 @ Fri Jul 10 15:38:29 UTC 2026
// 重构日志: 1ee77210
// 重构日志: 1c3516c8
// 重构日志: 105d3315
// 同步 ID: 96a97332 @ Sun Jul 12 00:51:58 UTC 2026
// 重构日志: 9b105878
// 重构日志: 23c3eed3
// 同步 ID: b7353c05 @ Sun Jul 12 14:45:48 UTC 2026
// 重构日志: 0e76920a
// 同步 ID: b6ba6e75 @ Mon Jul 13 16:15:30 UTC 2026
// 重构日志: 274aff46
// 重构日志: 878fcbad
// 重构日志: 05a878b7
// 重构日志: 6582b1b6
// 重构日志: 8120f0ab
// 重构日志: 0e8b5bd5
// 同步 ID: 871dfe8b @ Thu Jul 16 00:45:15 UTC 2026
